[2021-05-04T04:51:42.841] [DEBUG] main - Available line leagues : LineNL,LineWL
[2021-05-04T04:51:42.843] [DEBUG] main - Available maze leagues : Maze
[2021-05-04T04:51:42.843] [DEBUG] main - Available other leagues : 
[2021-05-04T04:51:43.390] [INFO] main - Webserver listening on port 3000
[2021-05-04T04:51:43.448] [INFO] main - connected to db @ db.js
[2021-05-04T04:51:43.601] [INFO] main - 
[2021-05-04T04:51:43.602] [INFO] main - 
[2021-05-04T04:51:43.603] [INFO] main - 
[2021-05-04T04:51:43.604] [INFO] main - 
[2021-05-04T04:51:43.604] [INFO] main - 
[2021-05-04T04:51:43.605] [INFO] main - 
[2021-05-04T04:51:43.606] [INFO] main - 
[2021-05-04T04:51:43.606] [INFO] main - 
[2021-05-04T04:51:43.607] [INFO] main - 
[2021-05-04T04:51:43.608] [INFO] main - 
[2021-05-04T04:51:43.609] [INFO] main - 
[2021-05-04T04:51:43.609] [INFO] main - 
[2021-05-04T04:51:43.610] [INFO] main - 
[2021-05-04T04:51:43.610] [INFO] main - 
[2021-05-04T04:51:43.611] [INFO] main - 
[2021-05-04T04:51:43.611] [INFO] main - 
[2021-05-04T04:51:43.612] [INFO] main - 
[2021-05-04T04:51:43.612] [INFO] main - 
[2021-05-04T04:51:43.613] [INFO] main - 
[2021-05-04T04:51:43.613] [INFO] main - 
[2021-05-04T04:51:43.614] [INFO] main - 
[2021-05-04T04:51:43.614] [INFO] main - 
[2021-05-04T04:51:43.615] [INFO] main - 
[2021-05-04T04:51:43.615] [INFO] main - 
[2021-05-04T04:51:43.616] [INFO] main - 
[2021-05-04T04:51:43.616] [INFO] main - 
[2021-05-04T04:51:43.617] [INFO] main - 
[2021-05-04T04:51:43.617] [INFO] main - 
[2021-05-04T04:51:43.618] [INFO] main - 
[2021-05-04T04:51:43.618] [INFO] main - 
[2021-05-04T04:51:43.619] [INFO] main - 
[2021-05-04T04:51:43.619] [INFO] main - 
[2021-05-04T04:51:43.620] [INFO] main - 
[2021-05-04T04:51:43.620] [INFO] main - 
[2021-05-04T04:51:43.621] [INFO] main - 
[2021-05-04T04:51:43.621] [INFO] main - 
[2021-05-04T04:51:43.622] [INFO] main - 
[2021-05-04T04:51:43.622] [INFO] main - 
[2021-05-04T04:51:43.623] [INFO] main - 
[2021-05-04T04:51:43.623] [INFO] main - 
[2021-05-04T04:51:43.624] [INFO] main - 
[2021-05-04T04:51:43.624] [INFO] main - 
[2021-05-04T04:51:43.625] [INFO] main - 
[2021-05-04T04:51:43.625] [INFO] main - 
[2021-05-04T04:51:43.626] [INFO] main - 
[2021-05-04T04:51:43.626] [INFO] main - 
[2021-05-04T04:51:43.627] [INFO] main - 
[2021-05-04T04:51:43.627] [INFO] main - 
[2021-05-04T04:51:43.627] [INFO] main - 
[2021-05-04T04:51:43.628] [INFO] main - 
[2021-05-04T04:51:43.628] [INFO] main - 
[2021-05-04T04:51:43.629] [INFO] main - 
[2021-05-04T04:51:43.630] [INFO] main - 
[2021-05-04T04:51:43.630] [INFO] main - 
[2021-05-04T04:51:43.631] [INFO] main - 
[2021-05-04T04:51:43.631] [INFO] main - 
[2021-05-04T04:51:43.632] [INFO] main - 
[2021-05-04T04:51:43.632] [INFO] main - 
[2021-05-04T04:51:43.633] [INFO] main - 
[2021-05-04T04:51:43.633] [INFO] main - 
[2021-05-04T04:51:43.634] [INFO] main - 
[2021-05-04T04:51:43.634] [INFO] main - 
[2021-05-04T04:51:43.635] [INFO] main - 
[2021-05-04T04:51:43.635] [INFO] main - 
[2021-05-04T04:51:43.636] [INFO] main - 
[2021-05-04T04:51:43.636] [INFO] main - 
[2021-05-04T04:51:43.637] [INFO] main - 
[2021-05-04T04:51:43.638] [INFO] main - 
[2021-05-04T04:51:43.638] [INFO] main - 
[2021-05-04T04:51:43.639] [INFO] main - 
[2021-05-04T04:51:43.639] [INFO] main - 
[2021-05-04T04:51:43.640] [INFO] main - 
[2021-05-04T04:51:43.640] [INFO] main - 
[2021-05-04T04:51:43.641] [INFO] main - 
[2021-05-04T04:51:43.641] [INFO] main - 
[2021-05-04T04:51:43.642] [INFO] main - 
[2021-05-04T04:51:43.642] [INFO] main - 
[2021-05-04T04:51:43.643] [INFO] main - 
[2021-05-04T04:51:43.643] [INFO] main - 
[2021-05-04T04:51:43.741] [INFO] main - 
[2021-05-04T04:51:52.139] [ERROR] main - 404 Not Found: /
[2021-05-04T04:51:52.406] [ERROR] main - 404 Not Found: /components/fontawesome/css/all.min.css
[2021-05-04T04:51:59.647] [ERROR] main - 404 Not Found: /components/fontawesome/css/all.min.css
[2021-05-04T04:54:04.128] [ERROR] main - 404 Not Found: /components/fontawesome/css/all.min.css
[2021-05-04T04:54:13.142] [ERROR] main - 404 Not Found: /components/fontawesome/css/all.min.css
[2021-05-04T04:54:17.010] [ERROR] main - 404 Not Found: /components/fontawesome/css/all.min.css
[2021-05-04T04:54:26.914] [ERROR] main - 404 Not Found: /components/fontawesome/css/all.min.css
